G:\ASTAR_GLUT_FEB_2015\ASTAR\ASTAR\DEBUG\NODE.OBJ
G:\ASTAR_GLUT_FEB_2015\ASTAR\ASTAR\DEBUG\PATH.OBJ
G:\ASTAR_GLUT_FEB_2015\ASTAR\ASTAR\DEBUG\STDAFX.OBJ
G:\ASTAR_GLUT_FEB_2015\ASTAR\ASTAR\DEBUG\ASTARPATHFINDING.OBJ
G:\ASTAR_GLUT_FEB_2015\ASTAR\ASTAR\DEBUG\VC100.PDB
G:\ASTAR_GLUT_FEB_2015\ASTAR\DEBUG\ASTAR.ILK
G:\ASTAR_GLUT_FEB_2015\ASTAR\DEBUG\ASTAR.EXE
G:\ASTAR_GLUT_FEB_2015\ASTAR\ASTAR\DEBUG\ASTAR.EXE.INTERMEDIATE.MANIFEST
G:\ASTAR_GLUT_FEB_2015\ASTAR\DEBUG\ASTAR.PDB
E:\AStar_GLUT_FEB_2015\AStar\AStar\Debug\AStar.vcxprojResolveAssemblyReference.cache
E:\AStar_GLUT_FEB_2015\AStar\AStar\Debug\AStarPathFinding.obj
E:\AStar_GLUT_FEB_2015\AStar\AStar\Debug\Node.obj
E:\AStar_GLUT_FEB_2015\AStar\AStar\Debug\Path.obj
E:\AStar_GLUT_FEB_2015\AStar\AStar\Debug\StdAfx.obj
E:\AStar_GLUT_FEB_2015\AStar\AStar\Debug\AStar.write.1.tlog
E:\AStar_GLUT_FEB_2015\AStar\AStar\Debug\cl.command.1.tlog
E:\AStar_GLUT_FEB_2015\AStar\AStar\Debug\CL.read.1.tlog
E:\AStar_GLUT_FEB_2015\AStar\AStar\Debug\CL.write.1.tlog
E:\AStar_GLUT_FEB_2015\AStar\AStar\Debug\link.command.1.tlog
E:\AStar_GLUT_FEB_2015\AStar\AStar\Debug\link.read.1.tlog
E:\AStar_GLUT_FEB_2015\AStar\AStar\Debug\link.write.1.tlog
E:\AStar_GLUT_FEB_2015\AStar\AStar\Debug\mt.command.1.tlog
E:\AStar_GLUT_FEB_2015\AStar\AStar\Debug\mt.read.1.tlog
E:\AStar_GLUT_FEB_2015\AStar\AStar\Debug\mt.write.1.tlog
E:\AStar_GLUT_FEB_2015\AStar\AStar\Debug\AStar.exe.intermediate.manifest
E:\AStar_GLUT_FEB_2015\AStar\AStar\Debug\vc100.idb
E:\AStar_GLUT_FEB_2015\AStar\AStar\Debug\vc100.pdb
E:\AStar_GLUT_FEB_2015\AStar\Debug\AStar.pdb
E:\AStar_GLUT_FEB_2015\AStar\Debug\AStar.exe
E:\AStar_GLUT_FEB_2015\AStar\Debug\AStar.ilk
