Build started 20/02/2016 02:56:08.
     1>Project "D:\Repos\Graphics_Labs\GameDevLabs\GameDevLabs\GameDevLabs\GameDevLabs.vcxproj" on node 2 (Rebuild target(s)).
     1>C:\Program Files (x86)\MSBuild\Microsoft.Cpp\v4.0\V140\Microsoft.CppBuild.targets(392,5): warning MSB8028: The intermediate directory (Debug\) contains files shared from another project (GameDevLabs.vcxproj).  This can lead to incorrect clean and rebuild behavior.
     1>ClCompile:
         C:\Program Files (x86)\Microsoft Visual Studio 14.0\VC\bin\CL.exe /c /ZI /nologo /W3 /WX- /sdl /Od /Oy- /D WIN32 /D _DEBUG /D _CONSOLE /D _UNICODE /D UNICODE /Gm /EHsc /RTC1 /MDd /GS /fp:precise /Zc:wchar_t /Zc:forScope /Zc:inline /Yc"stdafx.h" /Fp"Debug\BouncingBall.pch" /Fo"Debug\\" /Fd"Debug\vc140.pdb" /Gd /TP /analyze- /errorReport:prompt stdafx.cpp
         stdafx.cpp
         C:\Program Files (x86)\Microsoft Visual Studio 14.0\VC\bin\CL.exe /c /ZI /nologo /W3 /WX- /sdl /Od /Oy- /D WIN32 /D _DEBUG /D _CONSOLE /D _UNICODE /D UNICODE /Gm /EHsc /RTC1 /MDd /GS /fp:precise /Zc:wchar_t /Zc:forScope /Zc:inline /Yu"stdafx.h" /Fp"Debug\BouncingBall.pch" /Fo"Debug\\" /Fd"Debug\vc140.pdb" /Gd /TP /analyze- /errorReport:prompt GameObject.cpp LinkedList.cpp Render.cpp Vector3.cpp
         Vector3.cpp
         Render.cpp
     1>d:\repos\graphics_labs\gamedevlabs\gamedevlabs\gamedevlabs\render.cpp(4): warning C4627: '#include <stdarg.h>': skipped when looking for precompiled header use
         d:\repos\graphics_labs\gamedevlabs\gamedevlabs\gamedevlabs\render.cpp(4): note: Add directive to 'stdafx.h' or rebuild precompiled header
     1>d:\repos\graphics_labs\gamedevlabs\gamedevlabs\gamedevlabs\gameobject.cpp(22): warning C4244: '=': conversion from 'float' to 'int', possible loss of data
         LinkedList.cpp
         GameObject.cpp
     1>d:\repos\graphics_labs\gamedevlabs\gamedevlabs\gamedevlabs\gameobject.cpp(22): warning C4244: '=': conversion from 'float' to 'int', possible loss of data
         Generating Code...
       Link:
         C:\Program Files (x86)\Microsoft Visual Studio 14.0\VC\bin\link.exe /ERRORREPORT:PROMPT /OUT:"D:\Repos\Graphics_Labs\GameDevLabs\GameDevLabs\GameDevLabs\Debug\BouncingBall.exe" /INCREMENTAL /NOLOGO kernel32.lib user32.lib gdi32.lib winspool.lib comdlg32.lib advapi32.lib shell32.lib ole32.lib oleaut32.lib uuid.lib odbc32.lib odbccp32.lib kernel32.lib user32.lib gdi32.lib winspool.lib comdlg32.lib advapi32.lib shell32.lib ole32.lib oleaut32.lib uuid.lib odbc32.lib odbccp32.lib glut32.lib /MANIFEST /MANIFESTUAC:"level='asInvoker' uiAccess='false'" /manifest:embed /Debug /PDB:"D:\Repos\Graphics_Labs\GameDevLabs\GameDevLabs\GameDevLabs\Debug\BouncingBall.pdb" /SUBSYSTEM:CONSOLE /TLBID:1 /DYNAMICBASE /NXCOMPAT /IMPLIB:"D:\Repos\Graphics_Labs\GameDevLabs\GameDevLabs\GameDevLabs\Debug\BouncingBall.lib" /MACHINE:X86 Debug\GameObject.obj
         Debug\LinkedList.obj
         Debug\Render.obj
         Debug\Vector3.obj
         Debug\stdafx.obj
         GameDevLabs.vcxproj -> D:\Repos\Graphics_Labs\GameDevLabs\GameDevLabs\GameDevLabs\Debug\BouncingBall.exe
     1>Done Building Project "D:\Repos\Graphics_Labs\GameDevLabs\GameDevLabs\GameDevLabs\GameDevLabs.vcxproj" (Rebuild target(s)).

Build succeeded.

Time Elapsed 00:00:10.61
